[INFO] Scanning for projects...
[INFO] 
[INFO] ---------------< com.greencart:GrrenCart_Admin_Service >----------------
[INFO] Building GrrenCart_Admin_Service 0.0.1-SNAPSHOT
[INFO]   from pom.xml
[INFO] --------------------------------[ jar ]---------------------------------
[INFO] 
[INFO] --- resources:3.3.1:resources (default-resources) @ GrrenCart_Admin_Service ---
[INFO] Copying 1 resource from src\main\resources to target\classes
[INFO] Copying 0 resource from src\main\resources to target\classes
[INFO] 
[INFO] --- compiler:3.11.0:compile (default-compile) @ GrrenCart_Admin_Service ---
[INFO] Changes detected - recompiling the module! :source
[INFO] Compiling 18 source files with javac [debug release 17] to target\classes
[INFO] -------------------------------------------------------------
[ERROR] COMPILATION ERROR : 
[INFO] -------------------------------------------------------------
[ERROR] /c:/Users/Omkar25/OneDrive/Desktop/Shubam_Git_dir/GreenCart/backend/GrrenCart_Admin_Service/src/main/java/com/greencart/admin/entities/Order.java:[27,13] cannot find symbol
  symbol:   class LocalDateTime
  location: class com.greencart.admin.entities.Order
[ERROR] /c:/Users/Omkar25/OneDrive/Desktop/Shubam_Git_dir/GreenCart/backend/GrrenCart_Admin_Service/src/main/java/com/greencart/admin/entities/Order.java:[30,13] cannot find symbol
  symbol:   class BigDecimal
  location: class com.greencart.admin.entities.Order
[ERROR] /c:/Users/Omkar25/OneDrive/Desktop/Shubam_Git_dir/GreenCart/backend/GrrenCart_Admin_Service/src/main/java/com/greencart/admin/entities/Order.java:[9,1] cannot find symbol
  symbol:   class LocalDateTime
  location: class com.greencart.admin.entities.Order
[ERROR] /c:/Users/Omkar25/OneDrive/Desktop/Shubam_Git_dir/GreenCart/backend/GrrenCart_Admin_Service/src/main/java/com/greencart/admin/entities/Order.java:[27,27] cannot find symbol
  symbol:   class LocalDateTime
  location: class com.greencart.admin.entities.Order
[ERROR] /c:/Users/Omkar25/OneDrive/Desktop/Shubam_Git_dir/GreenCart/backend/GrrenCart_Admin_Service/src/main/java/com/greencart/admin/entities/Order.java:[30,24] cannot find symbol
  symbol:   class BigDecimal
  location: class com.greencart.admin.entities.Order
[ERROR] /c:/Users/Omkar25/OneDrive/Desktop/Shubam_Git_dir/GreenCart/backend/GrrenCart_Admin_Service/src/main/java/com/greencart/admin/entities/Order.java:[11,1] cannot find symbol
  symbol:   class LocalDateTime
  location: class com.greencart.admin.entities.Order
[INFO] 6 errors 
[INFO] -------------------------------------------------------------
[INFO] ------------------------------------------------------------------------
[INFO] BUILD FAILURE
[INFO] ------------------------------------------------------------------------
[INFO] Total time:  2.780 s
[INFO] Finished at: 2026-01-28T01:23:30+05:30
[INFO] ------------------------------------------------------------------------
[ERROR] Failed to execute goal org.apache.maven.plugins:maven-compiler-plugin:3.11.0:compile (default-compile) on project GrrenCart_Admin_Service: Compilation failure: Compilation failure: 
[ERROR] /c:/Users/Omkar25/OneDrive/Desktop/Shubam_Git_dir/GreenCart/backend/GrrenCart_Admin_Service/src/main/java/com/greencart/admin/entities/Order.java:[27,13] cannot find symbol
[ERROR]   symbol:   class LocalDateTime
[ERROR]   location: class com.greencart.admin.entities.Order
[ERROR] /c:/Users/Omkar25/OneDrive/Desktop/Shubam_Git_dir/GreenCart/backend/GrrenCart_Admin_Service/src/main/java/com/greencart/admin/entities/Order.java:[30,13] cannot find symbol
[ERROR]   symbol:   class BigDecimal
[ERROR]   location: class com.greencart.admin.entities.Order
[ERROR] /c:/Users/Omkar25/OneDrive/Desktop/Shubam_Git_dir/GreenCart/backend/GrrenCart_Admin_Service/src/main/java/com/greencart/admin/entities/Order.java:[9,1] cannot find symbol
[ERROR]   symbol:   class LocalDateTime
[ERROR]   location: class com.greencart.admin.entities.Order
[ERROR] /c:/Users/Omkar25/OneDrive/Desktop/Shubam_Git_dir/GreenCart/backend/GrrenCart_Admin_Service/src/main/java/com/greencart/admin/entities/Order.java:[27,27] cannot find symbol
[ERROR]   symbol:   class LocalDateTime
[ERROR]   location: class com.greencart.admin.entities.Order
[ERROR] /c:/Users/Omkar25/OneDrive/Desktop/Shubam_Git_dir/GreenCart/backend/GrrenCart_Admin_Service/src/main/java/com/greencart/admin/entities/Order.java:[30,24] cannot find symbol
[ERROR]   symbol:   class BigDecimal
[ERROR]   location: class com.greencart.admin.entities.Order
[ERROR] /c:/Users/Omkar25/OneDrive/Desktop/Shubam_Git_dir/GreenCart/backend/GrrenCart_Admin_Service/src/main/java/com/greencart/admin/entities/Order.java:[11,1] cannot find symbol
[ERROR]   symbol:   class LocalDateTime
[ERROR]   location: class com.greencart.admin.entities.Order
[ERROR] -> [Help 1]
[ERROR] 
[ERROR] To see the full stack trace of the errors, re-run Maven with the -e switch.
[ERROR] Re-run Maven using the -X switch to enable full debug logging.
[ERROR] 
[ERROR] For more information about the errors and possible solutions, please read the following articles:
[ERROR] [Help 1] http://cwiki.apache.org/confluence/display/MAVEN/MojoFailureException
